2019-03-08 10:25:39,969 first_case.py---> setUp 20: INFO----> this is chrome
2019-03-08 10:25:48,064 find_element.py---> get_element 20: INFO----> 定位方式:id--->定位值:vcCode
2019-03-08 10:25:48,064 find_element.py---> get_element 20: INFO----> 定位方式:id--->定位值:vcCode
2019-03-08 10:25:50,815 first_case.py---> setUp 20: INFO----> this is chrome
2019-03-08 10:25:50,815 first_case.py---> setUp 20: INFO----> this is chrome
2019-03-08 10:25:50,816 find_element.py---> get_element 20: INFO----> 定位方式:id--->定位值:newPassword
2019-03-08 10:25:50,816 find_element.py---> get_element 20: INFO----> 定位方式:id--->定位值:newPassword
2019-03-08 10:25:50,816 find_element.py---> get_element 20: INFO----> 定位方式:id--->定位值:newPassword
2019-03-08 10:25:53,823 first_case.py---> setUp 20: INFO----> this is chrome
2019-03-08 10:25:53,823 first_case.py---> setUp 20: INFO----> this is chrome
2019-03-08 10:25:53,823 first_case.py---> setUp 20: INFO----> this is chrome
2019-03-08 10:25:53,824 find_element.py---> get_element 20: INFO----> 定位方式:id--->定位值:newPayPassword
2019-03-08 10:25:53,824 find_element.py---> get_element 20: INFO----> 定位方式:id--->定位值:newPayPassword
2019-03-08 10:25:53,824 find_element.py---> get_element 20: INFO----> 定位方式:id--->定位值:newPayPassword
2019-03-08 10:25:53,824 find_element.py---> get_element 20: INFO----> 定位方式:id--->定位值:newPayPassword
2019-03-08 10:25:56,513 first_case.py---> setUp 20: INFO----> this is chrome
2019-03-08 10:25:56,513 first_case.py---> setUp 20: INFO----> this is chrome
2019-03-08 10:25:56,513 first_case.py---> setUp 20: INFO----> this is chrome
2019-03-08 10:25:56,513 first_case.py---> setUp 20: INFO----> this is chrome
2019-03-08 10:25:56,514 find_element.py---> get_element 20: INFO----> 定位方式:id--->定位值:username
2019-03-08 10:25:56,514 find_element.py---> get_element 20: INFO----> 定位方式:id--->定位值:username
2019-03-08 10:25:56,514 find_element.py---> get_element 20: INFO----> 定位方式:id--->定位值:username
2019-03-08 10:25:56,514 find_element.py---> get_element 20: INFO----> 定位方式:id--->定位值:username
2019-03-08 10:25:56,514 find_element.py---> get_element 20: INFO----> 定位方式:id--->定位值:username
2019-03-08 10:25:56,583 find_element.py---> get_element 20: INFO----> 定位方式:id--->定位值:username2
2019-03-08 10:25:56,583 find_element.py---> get_element 20: INFO----> 定位方式:id--->定位值:username2
2019-03-08 10:25:56,583 find_element.py---> get_element 20: INFO----> 定位方式:id--->定位值:username2
2019-03-08 10:25:56,583 find_element.py---> get_element 20: INFO----> 定位方式:id--->定位值:username2
2019-03-08 10:25:56,583 find_element.py---> get_element 20: INFO----> 定位方式:id--->定位值:username2
2019-03-08 10:25:56,634 find_element.py---> get_element 20: INFO----> 定位方式:id--->定位值:password
2019-03-08 10:25:56,634 find_element.py---> get_element 20: INFO----> 定位方式:id--->定位值:password
2019-03-08 10:25:56,634 find_element.py---> get_element 20: INFO----> 定位方式:id--->定位值:password
2019-03-08 10:25:56,634 find_element.py---> get_element 20: INFO----> 定位方式:id--->定位值:password
2019-03-08 10:25:56,634 find_element.py---> get_element 20: INFO----> 定位方式:id--->定位值:password
2019-03-08 10:26:06,080 find_element.py---> get_element 20: INFO----> 定位方式:id--->定位值:yzm
2019-03-08 10:26:06,080 find_element.py---> get_element 20: INFO----> 定位方式:id--->定位值:yzm
2019-03-08 10:26:06,080 find_element.py---> get_element 20: INFO----> 定位方式:id--->定位值:yzm
2019-03-08 10:26:06,080 find_element.py---> get_element 20: INFO----> 定位方式:id--->定位值:yzm
2019-03-08 10:26:06,080 find_element.py---> get_element 20: INFO----> 定位方式:id--->定位值:yzm
2019-03-08 10:26:06,122 find_element.py---> get_element 20: INFO----> 定位方式:id--->定位值:send-btn
2019-03-08 10:26:06,122 find_element.py---> get_element 20: INFO----> 定位方式:id--->定位值:send-btn
2019-03-08 10:26:06,122 find_element.py---> get_element 20: INFO----> 定位方式:id--->定位值:send-btn
2019-03-08 10:26:06,122 find_element.py---> get_element 20: INFO----> 定位方式:id--->定位值:send-btn
2019-03-08 10:26:06,122 find_element.py---> get_element 20: INFO----> 定位方式:id--->定位值:send-btn
2019-03-08 10:29:43,175 first_case.py---> setUp 20: INFO----> this is chrome
2019-03-08 10:29:43,189 find_element.py---> get_element 20: INFO----> 定位方式:id--->定位值:username
2019-03-08 10:29:43,189 find_element.py---> get_element 20: INFO----> 定位方式:id--->定位值:username
2019-03-08 10:29:43,310 find_element.py---> get_element 20: INFO----> 定位方式:id--->定位值:username2
2019-03-08 10:29:43,310 find_element.py---> get_element 20: INFO----> 定位方式:id--->定位值:username2
2019-03-08 10:29:43,362 find_element.py---> get_element 20: INFO----> 定位方式:id--->定位值:password
2019-03-08 10:29:43,362 find_element.py---> get_element 20: INFO----> 定位方式:id--->定位值:password
2019-03-08 10:29:55,642 find_element.py---> get_element 20: INFO----> 定位方式:id--->定位值:yzm
2019-03-08 10:29:55,642 find_element.py---> get_element 20: INFO----> 定位方式:id--->定位值:yzm
2019-03-08 10:29:55,690 find_element.py---> get_element 20: INFO----> 定位方式:id--->定位值:send-btn
2019-03-08 10:29:55,690 find_element.py---> get_element 20: INFO----> 定位方式:id--->定位值:send-btn
2019-03-08 10:29:58,655 first_case.py---> setUp 20: INFO----> this is chrome
2019-03-08 10:29:58,655 first_case.py---> setUp 20: INFO----> this is chrome
2019-03-08 10:30:06,781 find_element.py---> get_element 20: INFO----> 定位方式:id--->定位值:vcCode
2019-03-08 10:30:06,781 find_element.py---> get_element 20: INFO----> 定位方式:id--->定位值:vcCode
2019-03-08 10:30:06,781 find_element.py---> get_element 20: INFO----> 定位方式:id--->定位值:vcCode
2019-03-08 11:08:21,273 first_case.py---> setUp 20: INFO----> this is chrome
2019-03-08 11:08:45,130 first_case.py---> setUp 20: INFO----> this is chrome
2019-03-08 11:08:45,131 find_element.py---> get_element 20: INFO----> 定位方式:id--->定位值:username
2019-03-08 11:08:45,131 find_element.py---> get_element 20: INFO----> 定位方式:id--->定位值:username
2019-03-08 11:08:45,238 find_element.py---> get_element 20: INFO----> 定位方式:id--->定位值:username2
2019-03-08 11:08:45,238 find_element.py---> get_element 20: INFO----> 定位方式:id--->定位值:username2
2019-03-08 11:08:45,302 find_element.py---> get_element 20: INFO----> 定位方式:id--->定位值:password
2019-03-08 11:08:45,302 find_element.py---> get_element 20: INFO----> 定位方式:id--->定位值:password
2019-03-08 11:08:51,311 find_element.py---> get_element 20: INFO----> 定位方式:id--->定位值:yzm
2019-03-08 11:08:51,311 find_element.py---> get_element 20: INFO----> 定位方式:id--->定位值:yzm
2019-03-08 11:08:51,356 find_element.py---> get_element 20: INFO----> 定位方式:id--->定位值:send-btn
2019-03-08 11:08:51,356 find_element.py---> get_element 20: INFO----> 定位方式:id--->定位值:send-btn
2019-03-08 11:08:54,448 first_case.py---> setUp 20: INFO----> this is chrome
2019-03-08 11:08:54,448 first_case.py---> setUp 20: INFO----> this is chrome
2019-03-08 11:08:56,859 find_element.py---> get_element 20: INFO----> 定位方式:id--->定位值:vcCode
2019-03-08 11:08:56,859 find_element.py---> get_element 20: INFO----> 定位方式:id--->定位值:vcCode
2019-03-08 11:08:56,859 find_element.py---> get_element 20: INFO----> 定位方式:id--->定位值:vcCode
2019-03-08 11:13:55,501 first_case.py---> setUp 20: INFO----> this is chrome
2019-03-08 11:13:55,503 find_element.py---> get_element 20: INFO----> 定位方式:id--->定位值:username
2019-03-08 11:13:55,503 find_element.py---> get_element 20: INFO----> 定位方式:id--->定位值:username
2019-03-08 11:13:55,619 find_element.py---> get_element 20: INFO----> 定位方式:id--->定位值:username2
2019-03-08 11:13:55,619 find_element.py---> get_element 20: INFO----> 定位方式:id--->定位值:username2
2019-03-08 11:13:55,685 find_element.py---> get_element 20: INFO----> 定位方式:id--->定位值:password
2019-03-08 11:13:55,685 find_element.py---> get_element 20: INFO----> 定位方式:id--->定位值:password
2019-03-08 11:13:58,894 find_element.py---> get_element 20: INFO----> 定位方式:id--->定位值:yzm
2019-03-08 11:13:58,894 find_element.py---> get_element 20: INFO----> 定位方式:id--->定位值:yzm
2019-03-08 11:15:14,532 first_case.py---> setUp 20: INFO----> this is chrome
2019-03-08 11:15:14,536 find_element.py---> get_element 20: INFO----> 定位方式:id--->定位值:username
2019-03-08 11:15:14,536 find_element.py---> get_element 20: INFO----> 定位方式:id--->定位值:username
2019-03-08 11:15:14,593 find_element.py---> get_element 20: INFO----> 定位方式:id--->定位值:username2
2019-03-08 11:15:14,593 find_element.py---> get_element 20: INFO----> 定位方式:id--->定位值:username2
2019-03-08 11:15:14,650 find_element.py---> get_element 20: INFO----> 定位方式:id--->定位值:password
2019-03-08 11:15:14,650 find_element.py---> get_element 20: INFO----> 定位方式:id--->定位值:password
2019-03-08 11:15:16,948 find_element.py---> get_element 20: INFO----> 定位方式:id--->定位值:yzm
2019-03-08 11:15:16,948 find_element.py---> get_element 20: INFO----> 定位方式:id--->定位值:yzm
2019-03-08 11:15:16,990 find_element.py---> get_element 20: INFO----> 定位方式:id--->定位值:send-btn
2019-03-08 11:15:16,990 find_element.py---> get_element 20: INFO----> 定位方式:id--->定位值:send-btn
2019-03-08 11:15:37,773 first_case.py---> setUp 20: INFO----> this is chrome
2019-03-08 11:15:37,773 first_case.py---> setUp 20: INFO----> this is chrome
2019-03-08 11:15:45,717 find_element.py---> get_element 20: INFO----> 定位方式:id--->定位值:vcCode
2019-03-08 11:15:45,717 find_element.py---> get_element 20: INFO----> 定位方式:id--->定位值:vcCode
2019-03-08 11:15:45,717 find_element.py---> get_element 20: INFO----> 定位方式:id--->定位值:vcCode
2019-03-08 11:25:30,493 first_case.py---> setUp 20: INFO----> this is chrome
2019-03-08 11:25:30,497 find_element.py---> get_element 20: INFO----> 定位方式:id--->定位值:username
2019-03-08 11:25:30,497 find_element.py---> get_element 20: INFO----> 定位方式:id--->定位值:username
2019-03-08 11:25:30,576 find_element.py---> get_element 20: INFO----> 定位方式:id--->定位值:username2
2019-03-08 11:25:30,576 find_element.py---> get_element 20: INFO----> 定位方式:id--->定位值:username2
2019-03-08 11:25:30,646 find_element.py---> get_element 20: INFO----> 定位方式:id--->定位值:password
2019-03-08 11:25:30,646 find_element.py---> get_element 20: INFO----> 定位方式:id--->定位值:password
2019-03-08 11:25:38,379 find_element.py---> get_element 20: INFO----> 定位方式:id--->定位值:yzm
2019-03-08 11:25:38,379 find_element.py---> get_element 20: INFO----> 定位方式:id--->定位值:yzm
2019-03-08 11:25:38,422 find_element.py---> get_element 20: INFO----> 定位方式:id--->定位值:send-btn
2019-03-08 11:25:38,422 find_element.py---> get_element 20: INFO----> 定位方式:id--->定位值:send-btn
2019-03-08 11:25:41,449 first_case.py---> setUp 20: INFO----> this is chrome
2019-03-08 11:25:41,449 first_case.py---> setUp 20: INFO----> this is chrome
2019-03-08 11:25:48,763 find_element.py---> get_element 20: INFO----> 定位方式:id--->定位值:vcCode
2019-03-08 11:25:48,763 find_element.py---> get_element 20: INFO----> 定位方式:id--->定位值:vcCode
2019-03-08 11:25:48,763 find_element.py---> get_element 20: INFO----> 定位方式:id--->定位值:vcCode
2019-03-08 11:49:08,396 first_case.py---> setUp 20: INFO----> this is chrome
2019-03-08 11:49:08,404 find_element.py---> get_element 20: INFO----> 定位方式:id--->定位值:username
2019-03-08 11:49:08,404 find_element.py---> get_element 20: INFO----> 定位方式:id--->定位值:username
2019-03-08 11:49:08,531 find_element.py---> get_element 20: INFO----> 定位方式:id--->定位值:username2
2019-03-08 11:49:08,531 find_element.py---> get_element 20: INFO----> 定位方式:id--->定位值:username2
2019-03-08 11:49:08,585 find_element.py---> get_element 20: INFO----> 定位方式:id--->定位值:password
2019-03-08 11:49:08,585 find_element.py---> get_element 20: INFO----> 定位方式:id--->定位值:password
2019-03-08 11:49:17,502 find_element.py---> get_element 20: INFO----> 定位方式:id--->定位值:yzm
2019-03-08 11:49:17,502 find_element.py---> get_element 20: INFO----> 定位方式:id--->定位值:yzm
2019-03-08 11:49:17,543 find_element.py---> get_element 20: INFO----> 定位方式:id--->定位值:send-btn
2019-03-08 11:49:17,543 find_element.py---> get_element 20: INFO----> 定位方式:id--->定位值:send-btn
2019-03-08 11:49:20,502 first_case.py---> setUp 20: INFO----> this is chrome
2019-03-08 11:49:20,502 first_case.py---> setUp 20: INFO----> this is chrome
2019-03-08 11:49:30,571 find_element.py---> get_element 20: INFO----> 定位方式:id--->定位值:vcCode
2019-03-08 11:49:30,571 find_element.py---> get_element 20: INFO----> 定位方式:id--->定位值:vcCode
2019-03-08 11:49:30,571 find_element.py---> get_element 20: INFO----> 定位方式:id--->定位值:vcCode
2019-03-08 11:51:48,660 first_case.py---> setUp 20: INFO----> this is chrome
2019-03-08 11:51:48,662 find_element.py---> get_element 20: INFO----> 定位方式:id--->定位值:username
2019-03-08 11:51:48,662 find_element.py---> get_element 20: INFO----> 定位方式:id--->定位值:username
2019-03-08 11:51:48,786 find_element.py---> get_element 20: INFO----> 定位方式:id--->定位值:username2
2019-03-08 11:51:48,786 find_element.py---> get_element 20: INFO----> 定位方式:id--->定位值:username2
2019-03-08 11:51:48,841 find_element.py---> get_element 20: INFO----> 定位方式:id--->定位值:password
2019-03-08 11:51:48,841 find_element.py---> get_element 20: INFO----> 定位方式:id--->定位值:password
2019-03-08 11:51:56,282 find_element.py---> get_element 20: INFO----> 定位方式:id--->定位值:yzm
2019-03-08 11:51:56,282 find_element.py---> get_element 20: INFO----> 定位方式:id--->定位值:yzm
2019-03-08 11:51:56,331 find_element.py---> get_element 20: INFO----> 定位方式:id--->定位值:send-btn
2019-03-08 11:51:56,331 find_element.py---> get_element 20: INFO----> 定位方式:id--->定位值:send-btn
2019-03-08 11:51:59,458 first_case.py---> setUp 20: INFO----> this is chrome
2019-03-08 11:51:59,458 first_case.py---> setUp 20: INFO----> this is chrome
2019-03-08 11:52:07,761 find_element.py---> get_element 20: INFO----> 定位方式:id--->定位值:vcCode
2019-03-08 11:52:07,761 find_element.py---> get_element 20: INFO----> 定位方式:id--->定位值:vcCode
2019-03-08 11:52:07,761 find_element.py---> get_element 20: INFO----> 定位方式:id--->定位值:vcCode
2019-03-08 11:57:03,976 first_case.py---> setUp 20: INFO----> this is chrome
2019-03-08 11:57:03,979 find_element.py---> get_element 20: INFO----> 定位方式:id--->定位值:username
2019-03-08 11:57:03,979 find_element.py---> get_element 20: INFO----> 定位方式:id--->定位值:username
2019-03-08 11:57:04,087 find_element.py---> get_element 20: INFO----> 定位方式:id--->定位值:username2
2019-03-08 11:57:04,087 find_element.py---> get_element 20: INFO----> 定位方式:id--->定位值:username2
2019-03-08 11:57:04,141 find_element.py---> get_element 20: INFO----> 定位方式:id--->定位值:password
2019-03-08 11:57:04,141 find_element.py---> get_element 20: INFO----> 定位方式:id--->定位值:password
2019-03-08 11:57:11,004 find_element.py---> get_element 20: INFO----> 定位方式:id--->定位值:yzm
2019-03-08 11:57:11,004 find_element.py---> get_element 20: INFO----> 定位方式:id--->定位值:yzm
2019-03-08 11:57:11,054 find_element.py---> get_element 20: INFO----> 定位方式:id--->定位值:send-btn
2019-03-08 11:57:11,054 find_element.py---> get_element 20: INFO----> 定位方式:id--->定位值:send-btn
2019-03-08 11:57:14,023 first_case.py---> setUp 20: INFO----> this is chrome
2019-03-08 11:57:14,023 first_case.py---> setUp 20: INFO----> this is chrome
2019-03-08 11:57:27,726 first_case.py---> setUp 20: INFO----> this is chrome
2019-03-08 11:57:27,728 find_element.py---> get_element 20: INFO----> 定位方式:id--->定位值:username
2019-03-08 11:57:27,728 find_element.py---> get_element 20: INFO----> 定位方式:id--->定位值:username
2019-03-08 11:57:27,844 find_element.py---> get_element 20: INFO----> 定位方式:id--->定位值:username2
2019-03-08 11:57:27,844 find_element.py---> get_element 20: INFO----> 定位方式:id--->定位值:username2
2019-03-08 11:57:27,901 find_element.py---> get_element 20: INFO----> 定位方式:id--->定位值:password
2019-03-08 11:57:27,901 find_element.py---> get_element 20: INFO----> 定位方式:id--->定位值:password
2019-03-08 11:57:34,328 find_element.py---> get_element 20: INFO----> 定位方式:id--->定位值:yzm
2019-03-08 11:57:34,328 find_element.py---> get_element 20: INFO----> 定位方式:id--->定位值:yzm
2019-03-08 11:57:34,379 find_element.py---> get_element 20: INFO----> 定位方式:id--->定位值:send-btn
2019-03-08 11:57:34,379 find_element.py---> get_element 20: INFO----> 定位方式:id--->定位值:send-btn
2019-03-08 11:57:37,405 first_case.py---> setUp 20: INFO----> this is chrome
2019-03-08 11:57:37,405 first_case.py---> setUp 20: INFO----> this is chrome
2019-03-08 11:57:41,533 find_element.py---> get_element 20: INFO----> 定位方式:id--->定位值:vcCode
2019-03-08 11:57:41,533 find_element.py---> get_element 20: INFO----> 定位方式:id--->定位值:vcCode
2019-03-08 11:57:41,533 find_element.py---> get_element 20: INFO----> 定位方式:id--->定位值:vcCode
2019-03-08 13:38:18,568 first_case.py---> setUp 20: INFO----> this is chrome
2019-03-08 13:38:19,002 first_case.py---> setUp 20: INFO----> this is chrome
2019-03-08 13:38:19,002 first_case.py---> setUp 20: INFO----> this is chrome
2019-03-08 13:38:31,701 first_case.py---> setUp 20: INFO----> this is chrome
2019-03-08 13:38:32,045 first_case.py---> setUp 20: INFO----> this is chrome
2019-03-08 13:38:32,045 first_case.py---> setUp 20: INFO----> this is chrome
2019-03-08 13:42:55,422 first_case.py---> setUp 20: INFO----> this is chrome
2019-03-08 13:42:55,428 find_element.py---> get_element 20: INFO----> 定位方式:id--->定位值:username
2019-03-08 13:42:55,428 find_element.py---> get_element 20: INFO----> 定位方式:id--->定位值:username
2019-03-08 13:42:55,500 find_element.py---> get_element 20: INFO----> 定位方式:id--->定位值:username2
2019-03-08 13:42:55,500 find_element.py---> get_element 20: INFO----> 定位方式:id--->定位值:username2
2019-03-08 13:42:55,575 find_element.py---> get_element 20: INFO----> 定位方式:id--->定位值:password
2019-03-08 13:42:55,575 find_element.py---> get_element 20: INFO----> 定位方式:id--->定位值:password
2019-03-08 13:43:00,889 find_element.py---> get_element 20: INFO----> 定位方式:id--->定位值:yzm
2019-03-08 13:43:00,889 find_element.py---> get_element 20: INFO----> 定位方式:id--->定位值:yzm
2019-03-08 13:43:00,934 find_element.py---> get_element 20: INFO----> 定位方式:id--->定位值:send-btn
2019-03-08 13:43:00,934 find_element.py---> get_element 20: INFO----> 定位方式:id--->定位值:send-btn
2019-03-08 13:43:05,458 first_case.py---> setUp 20: INFO----> this is chrome
2019-03-08 13:43:05,458 first_case.py---> setUp 20: INFO----> this is chrome
2019-03-08 13:43:14,302 find_element.py---> get_element 20: INFO----> 定位方式:id--->定位值:vcCode
2019-03-08 13:43:14,302 find_element.py---> get_element 20: INFO----> 定位方式:id--->定位值:vcCode
2019-03-08 13:43:14,302 find_element.py---> get_element 20: INFO----> 定位方式:id--->定位值:vcCode
2019-03-08 14:08:12,754 first_case.py---> setUp 20: INFO----> this is chrome
2019-03-08 14:08:12,758 find_element.py---> get_element 20: INFO----> 定位方式:id--->定位值:username
2019-03-08 14:08:12,758 find_element.py---> get_element 20: INFO----> 定位方式:id--->定位值:username
2019-03-08 14:08:12,837 find_element.py---> get_element 20: INFO----> 定位方式:id--->定位值:username2
2019-03-08 14:08:12,837 find_element.py---> get_element 20: INFO----> 定位方式:id--->定位值:username2
2019-03-08 14:08:12,902 find_element.py---> get_element 20: INFO----> 定位方式:id--->定位值:password
2019-03-08 14:08:12,902 find_element.py---> get_element 20: INFO----> 定位方式:id--->定位值:password
2019-03-08 14:08:21,001 find_element.py---> get_element 20: INFO----> 定位方式:id--->定位值:yzm
2019-03-08 14:08:21,001 find_element.py---> get_element 20: INFO----> 定位方式:id--->定位值:yzm
2019-03-08 14:08:21,051 find_element.py---> get_element 20: INFO----> 定位方式:id--->定位值:send-btn
2019-03-08 14:08:21,051 find_element.py---> get_element 20: INFO----> 定位方式:id--->定位值:send-btn
2019-03-08 14:08:24,644 first_case.py---> setUp 20: INFO----> this is chrome
2019-03-08 14:08:24,644 first_case.py---> setUp 20: INFO----> this is chrome
2019-03-08 14:08:36,033 find_element.py---> get_element 20: INFO----> 定位方式:id--->定位值:vcCode
2019-03-08 14:08:36,033 find_element.py---> get_element 20: INFO----> 定位方式:id--->定位值:vcCode
2019-03-08 14:08:36,033 find_element.py---> get_element 20: INFO----> 定位方式:id--->定位值:vcCode
2019-03-08 14:10:26,699 first_case.py---> setUp 20: INFO----> this is chrome
2019-03-08 14:10:26,702 find_element.py---> get_element 20: INFO----> 定位方式:id--->定位值:username
2019-03-08 14:10:26,702 find_element.py---> get_element 20: INFO----> 定位方式:id--->定位值:username
2019-03-08 14:10:26,786 find_element.py---> get_element 20: INFO----> 定位方式:id--->定位值:username2
2019-03-08 14:10:26,786 find_element.py---> get_element 20: INFO----> 定位方式:id--->定位值:username2
2019-03-08 14:10:26,855 find_element.py---> get_element 20: INFO----> 定位方式:id--->定位值:password
2019-03-08 14:10:26,855 find_element.py---> get_element 20: INFO----> 定位方式:id--->定位值:password
2019-03-08 14:10:31,170 find_element.py---> get_element 20: INFO----> 定位方式:id--->定位值:yzm
2019-03-08 14:10:31,170 find_element.py---> get_element 20: INFO----> 定位方式:id--->定位值:yzm
2019-03-08 14:10:31,218 find_element.py---> get_element 20: INFO----> 定位方式:id--->定位值:send-btn
2019-03-08 14:10:31,218 find_element.py---> get_element 20: INFO----> 定位方式:id--->定位值:send-btn
2019-03-08 14:10:34,255 first_case.py---> setUp 20: INFO----> this is chrome
2019-03-08 14:10:34,255 first_case.py---> setUp 20: INFO----> this is chrome
2019-03-08 14:10:38,162 find_element.py---> get_element 20: INFO----> 定位方式:id--->定位值:vcCode
2019-03-08 14:10:38,162 find_element.py---> get_element 20: INFO----> 定位方式:id--->定位值:vcCode
2019-03-08 14:10:38,162 find_element.py---> get_element 20: INFO----> 定位方式:id--->定位值:vcCode
2019-03-08 14:15:38,396 first_case.py---> setUp 20: INFO----> this is chrome
2019-03-08 14:15:38,398 find_element.py---> get_element 20: INFO----> 定位方式:id--->定位值:username
2019-03-08 14:15:38,398 find_element.py---> get_element 20: INFO----> 定位方式:id--->定位值:username
2019-03-08 14:15:38,499 find_element.py---> get_element 20: INFO----> 定位方式:id--->定位值:username2
2019-03-08 14:15:38,499 find_element.py---> get_element 20: INFO----> 定位方式:id--->定位值:username2
2019-03-08 14:15:38,565 find_element.py---> get_element 20: INFO----> 定位方式:id--->定位值:password
2019-03-08 14:15:38,565 find_element.py---> get_element 20: INFO----> 定位方式:id--->定位值:password
2019-03-08 14:15:41,475 find_element.py---> get_element 20: INFO----> 定位方式:id--->定位值:yzm
2019-03-08 14:15:41,475 find_element.py---> get_element 20: INFO----> 定位方式:id--->定位值:yzm
2019-03-08 14:15:41,521 find_element.py---> get_element 20: INFO----> 定位方式:id--->定位值:send-btn
2019-03-08 14:15:41,521 find_element.py---> get_element 20: INFO----> 定位方式:id--->定位值:send-btn
2019-03-08 14:15:44,719 first_case.py---> setUp 20: INFO----> this is chrome
2019-03-08 14:15:44,719 first_case.py---> setUp 20: INFO----> this is chrome
2019-03-08 14:15:47,693 find_element.py---> get_element 20: INFO----> 定位方式:id--->定位值:vcCode
2019-03-08 14:15:47,693 find_element.py---> get_element 20: INFO----> 定位方式:id--->定位值:vcCode
2019-03-08 14:15:47,693 find_element.py---> get_element 20: INFO----> 定位方式:id--->定位值:vcCode
2019-03-08 14:30:19,726 first_case.py---> setUp 20: INFO----> this is chrome
2019-03-08 14:30:27,767 find_element.py---> get_element 20: INFO----> 定位方式:id--->定位值:vcCode
2019-03-08 14:30:27,767 find_element.py---> get_element 20: INFO----> 定位方式:id--->定位值:vcCode
2019-03-08 14:30:30,468 first_case.py---> setUp 20: INFO----> this is chrome
2019-03-08 14:30:30,468 first_case.py---> setUp 20: INFO----> this is chrome
2019-03-08 14:30:30,469 find_element.py---> get_element 20: INFO----> 定位方式:id--->定位值:newPassword
2019-03-08 14:30:30,469 find_element.py---> get_element 20: INFO----> 定位方式:id--->定位值:newPassword
2019-03-08 14:30:30,469 find_element.py---> get_element 20: INFO----> 定位方式:id--->定位值:newPassword
2019-03-08 14:30:33,152 first_case.py---> setUp 20: INFO----> this is chrome
2019-03-08 14:30:33,152 first_case.py---> setUp 20: INFO----> this is chrome
2019-03-08 14:30:33,152 first_case.py---> setUp 20: INFO----> this is chrome
2019-03-08 14:30:33,153 find_element.py---> get_element 20: INFO----> 定位方式:id--->定位值:newPayPassword
2019-03-08 14:30:33,153 find_element.py---> get_element 20: INFO----> 定位方式:id--->定位值:newPayPassword
2019-03-08 14:30:33,153 find_element.py---> get_element 20: INFO----> 定位方式:id--->定位值:newPayPassword
2019-03-08 14:30:33,153 find_element.py---> get_element 20: INFO----> 定位方式:id--->定位值:newPayPassword
2019-03-08 14:30:35,859 first_case.py---> setUp 20: INFO----> this is chrome
2019-03-08 14:30:35,859 first_case.py---> setUp 20: INFO----> this is chrome
2019-03-08 14:30:35,859 first_case.py---> setUp 20: INFO----> this is chrome
2019-03-08 14:30:35,859 first_case.py---> setUp 20: INFO----> this is chrome
2019-03-08 14:30:35,860 find_element.py---> get_element 20: INFO----> 定位方式:id--->定位值:username
2019-03-08 14:30:35,860 find_element.py---> get_element 20: INFO----> 定位方式:id--->定位值:username
2019-03-08 14:30:35,860 find_element.py---> get_element 20: INFO----> 定位方式:id--->定位值:username
2019-03-08 14:30:35,860 find_element.py---> get_element 20: INFO----> 定位方式:id--->定位值:username
2019-03-08 14:30:35,860 find_element.py---> get_element 20: INFO----> 定位方式:id--->定位值:username
2019-03-08 14:30:35,937 find_element.py---> get_element 20: INFO----> 定位方式:id--->定位值:username2
2019-03-08 14:30:35,937 find_element.py---> get_element 20: INFO----> 定位方式:id--->定位值:username2
2019-03-08 14:30:35,937 find_element.py---> get_element 20: INFO----> 定位方式:id--->定位值:username2
2019-03-08 14:30:35,937 find_element.py---> get_element 20: INFO----> 定位方式:id--->定位值:username2
2019-03-08 14:30:35,937 find_element.py---> get_element 20: INFO----> 定位方式:id--->定位值:username2
2019-03-08 14:30:35,989 find_element.py---> get_element 20: INFO----> 定位方式:id--->定位值:password
2019-03-08 14:30:35,989 find_element.py---> get_element 20: INFO----> 定位方式:id--->定位值:password
2019-03-08 14:30:35,989 find_element.py---> get_element 20: INFO----> 定位方式:id--->定位值:password
2019-03-08 14:30:35,989 find_element.py---> get_element 20: INFO----> 定位方式:id--->定位值:password
2019-03-08 14:30:35,989 find_element.py---> get_element 20: INFO----> 定位方式:id--->定位值:password
2019-03-08 14:30:40,852 find_element.py---> get_element 20: INFO----> 定位方式:id--->定位值:yzm
2019-03-08 14:30:40,852 find_element.py---> get_element 20: INFO----> 定位方式:id--->定位值:yzm
2019-03-08 14:30:40,852 find_element.py---> get_element 20: INFO----> 定位方式:id--->定位值:yzm
2019-03-08 14:30:40,852 find_element.py---> get_element 20: INFO----> 定位方式:id--->定位值:yzm
2019-03-08 14:30:40,852 find_element.py---> get_element 20: INFO----> 定位方式:id--->定位值:yzm
2019-03-08 14:30:40,907 find_element.py---> get_element 20: INFO----> 定位方式:id--->定位值:send-btn
2019-03-08 14:30:40,907 find_element.py---> get_element 20: INFO----> 定位方式:id--->定位值:send-btn
2019-03-08 14:30:40,907 find_element.py---> get_element 20: INFO----> 定位方式:id--->定位值:send-btn
2019-03-08 14:30:40,907 find_element.py---> get_element 20: INFO----> 定位方式:id--->定位值:send-btn
2019-03-08 14:30:40,907 find_element.py---> get_element 20: INFO----> 定位方式:id--->定位值:send-btn
2019-03-08 14:31:16,834 first_case.py---> setUp 20: INFO----> this is chrome
2019-03-08 14:31:16,836 find_element.py---> get_element 20: INFO----> 定位方式:id--->定位值:username
2019-03-08 14:31:16,836 find_element.py---> get_element 20: INFO----> 定位方式:id--->定位值:username
2019-03-08 14:31:16,957 find_element.py---> get_element 20: INFO----> 定位方式:id--->定位值:username2
2019-03-08 14:31:16,957 find_element.py---> get_element 20: INFO----> 定位方式:id--->定位值:username2
2019-03-08 14:31:17,038 find_element.py---> get_element 20: INFO----> 定位方式:id--->定位值:password
2019-03-08 14:31:17,038 find_element.py---> get_element 20: INFO----> 定位方式:id--->定位值:password
2019-03-08 14:31:22,492 find_element.py---> get_element 20: INFO----> 定位方式:id--->定位值:yzm
2019-03-08 14:31:22,492 find_element.py---> get_element 20: INFO----> 定位方式:id--->定位值:yzm
2019-03-08 14:31:22,541 find_element.py---> get_element 20: INFO----> 定位方式:id--->定位值:send-btn
2019-03-08 14:31:22,541 find_element.py---> get_element 20: INFO----> 定位方式:id--->定位值:send-btn
2019-03-08 14:31:24,858 first_case.py---> setUp 20: INFO----> this is chrome
2019-03-08 14:31:24,858 first_case.py---> setUp 20: INFO----> this is chrome
2019-03-08 14:31:33,890 first_case.py---> setUp 20: INFO----> this is chrome
2019-03-08 14:31:33,894 find_element.py---> get_element 20: INFO----> 定位方式:id--->定位值:username
2019-03-08 14:31:33,894 find_element.py---> get_element 20: INFO----> 定位方式:id--->定位值:username
2019-03-08 14:31:34,008 find_element.py---> get_element 20: INFO----> 定位方式:id--->定位值:username2
2019-03-08 14:31:34,008 find_element.py---> get_element 20: INFO----> 定位方式:id--->定位值:username2
2019-03-08 14:31:34,075 find_element.py---> get_element 20: INFO----> 定位方式:id--->定位值:password
2019-03-08 14:31:34,075 find_element.py---> get_element 20: INFO----> 定位方式:id--->定位值:password
2019-03-08 14:31:36,525 find_element.py---> get_element 20: INFO----> 定位方式:id--->定位值:yzm
2019-03-08 14:31:36,525 find_element.py---> get_element 20: INFO----> 定位方式:id--->定位值:yzm
2019-03-08 14:31:36,574 find_element.py---> get_element 20: INFO----> 定位方式:id--->定位值:send-btn
2019-03-08 14:31:36,574 find_element.py---> get_element 20: INFO----> 定位方式:id--->定位值:send-btn
2019-03-08 14:31:39,719 first_case.py---> setUp 20: INFO----> this is chrome
2019-03-08 14:31:39,719 first_case.py---> setUp 20: INFO----> this is chrome
2019-03-08 14:31:58,403 find_element.py---> get_element 20: INFO----> 定位方式:id--->定位值:vcCode
2019-03-08 14:31:58,403 find_element.py---> get_element 20: INFO----> 定位方式:id--->定位值:vcCode
2019-03-08 14:31:58,403 find_element.py---> get_element 20: INFO----> 定位方式:id--->定位值:vcCode
2019-03-08 14:33:45,569 first_case.py---> setUp 20: INFO----> this is chrome
2019-03-08 14:33:45,572 find_element.py---> get_element 20: INFO----> 定位方式:id--->定位值:username
2019-03-08 14:33:45,572 find_element.py---> get_element 20: INFO----> 定位方式:id--->定位值:username
2019-03-08 14:33:45,637 find_element.py---> get_element 20: INFO----> 定位方式:id--->定位值:username2
2019-03-08 14:33:45,637 find_element.py---> get_element 20: INFO----> 定位方式:id--->定位值:username2
2019-03-08 14:33:45,724 find_element.py---> get_element 20: INFO----> 定位方式:id--->定位值:password
2019-03-08 14:33:45,724 find_element.py---> get_element 20: INFO----> 定位方式:id--->定位值:password
2019-03-08 14:33:49,827 find_element.py---> get_element 20: INFO----> 定位方式:id--->定位值:yzm
2019-03-08 14:33:49,827 find_element.py---> get_element 20: INFO----> 定位方式:id--->定位值:yzm
2019-03-08 14:33:49,874 find_element.py---> get_element 20: INFO----> 定位方式:id--->定位值:send-btn
2019-03-08 14:33:49,874 find_element.py---> get_element 20: INFO----> 定位方式:id--->定位值:send-btn
2019-03-08 14:33:53,120 first_case.py---> setUp 20: INFO----> this is chrome
2019-03-08 14:33:53,120 first_case.py---> setUp 20: INFO----> this is chrome
2019-03-08 14:33:56,024 find_element.py---> get_element 20: INFO----> 定位方式:id--->定位值:vcCode
2019-03-08 14:33:56,024 find_element.py---> get_element 20: INFO----> 定位方式:id--->定位值:vcCode
2019-03-08 14:33:56,024 find_element.py---> get_element 20: INFO----> 定位方式:id--->定位值:vcCode
2019-03-08 14:46:05,487 first_case.py---> setUp 20: INFO----> this is chrome
2019-03-08 14:46:05,491 find_element.py---> get_element 20: INFO----> 定位方式:id--->定位值:username
2019-03-08 14:46:05,491 find_element.py---> get_element 20: INFO----> 定位方式:id--->定位值:username
2019-03-08 14:46:05,599 find_element.py---> get_element 20: INFO----> 定位方式:id--->定位值:username2
2019-03-08 14:46:05,599 find_element.py---> get_element 20: INFO----> 定位方式:id--->定位值:username2
2019-03-08 14:46:05,674 find_element.py---> get_element 20: INFO----> 定位方式:id--->定位值:password
2019-03-08 14:46:05,674 find_element.py---> get_element 20: INFO----> 定位方式:id--->定位值:password
2019-03-08 14:46:13,494 find_element.py---> get_element 20: INFO----> 定位方式:id--->定位值:yzm
2019-03-08 14:46:13,494 find_element.py---> get_element 20: INFO----> 定位方式:id--->定位值:yzm
2019-03-08 14:46:13,542 find_element.py---> get_element 20: INFO----> 定位方式:id--->定位值:send-btn
2019-03-08 14:46:13,542 find_element.py---> get_element 20: INFO----> 定位方式:id--->定位值:send-btn
2019-03-08 14:46:16,896 first_case.py---> setUp 20: INFO----> this is chrome
2019-03-08 14:46:16,896 first_case.py---> setUp 20: INFO----> this is chrome
2019-03-08 14:46:21,229 find_element.py---> get_element 20: INFO----> 定位方式:id--->定位值:vcCode
2019-03-08 14:46:21,229 find_element.py---> get_element 20: INFO----> 定位方式:id--->定位值:vcCode
2019-03-08 14:46:21,229 find_element.py---> get_element 20: INFO----> 定位方式:id--->定位值:vcCode
2019-03-08 14:48:00,628 first_case.py---> setUp 20: INFO----> this is chrome
2019-03-08 14:48:00,633 find_element.py---> get_element 20: INFO----> 定位方式:id--->定位值:username
2019-03-08 14:48:00,633 find_element.py---> get_element 20: INFO----> 定位方式:id--->定位值:username
2019-03-08 14:48:00,715 find_element.py---> get_element 20: INFO----> 定位方式:id--->定位值:username2
2019-03-08 14:48:00,715 find_element.py---> get_element 20: INFO----> 定位方式:id--->定位值:username2
2019-03-08 14:48:00,777 find_element.py---> get_element 20: INFO----> 定位方式:id--->定位值:password
2019-03-08 14:48:00,777 find_element.py---> get_element 20: INFO----> 定位方式:id--->定位值:password
2019-03-08 14:48:11,604 find_element.py---> get_element 20: INFO----> 定位方式:id--->定位值:yzm
2019-03-08 14:48:11,604 find_element.py---> get_element 20: INFO----> 定位方式:id--->定位值:yzm
2019-03-08 14:48:11,653 find_element.py---> get_element 20: INFO----> 定位方式:id--->定位值:send-btn
2019-03-08 14:48:11,653 find_element.py---> get_element 20: INFO----> 定位方式:id--->定位值:send-btn
2019-03-08 14:48:15,679 first_case.py---> setUp 20: INFO----> this is chrome
2019-03-08 14:48:15,679 first_case.py---> setUp 20: INFO----> this is chrome
2019-03-08 14:48:34,324 find_element.py---> get_element 20: INFO----> 定位方式:id--->定位值:vcCode
2019-03-08 14:48:34,324 find_element.py---> get_element 20: INFO----> 定位方式:id--->定位值:vcCode
2019-03-08 14:48:34,324 find_element.py---> get_element 20: INFO----> 定位方式:id--->定位值:vcCode
